Determining if the pthread_create exist failed with the following output:
Change Dir: /home/patrick/reflex_control/build/CMakeFiles/CMakeTmp

Run Build Command:"/usr/bin/make" "cmTC_5ed49/fast"
/usr/bin/make -f CMakeFiles/cmTC_5ed49.dir/build.make CMakeFiles/cmTC_5ed49.dir/build
make[1]: Verzeichnis „/home/patrick/reflex_control/build/CMakeFiles/CMakeTmp“ wird betreten
Building C object CMakeFiles/cmTC_5ed49.dir/CheckSymbolExists.c.o
/usr/bin/cc     -o CMakeFiles/cmTC_5ed49.dir/CheckSymbolExists.c.o   -c /home/patrick/reflex_control/build/CMakeFiles/CMakeTmp/CheckSymbolExists.c
Linking C executable cmTC_5ed49
/usr/bin/cmake -E cmake_link_script CMakeFiles/cmTC_5ed49.dir/link.txt --verbose=1
/usr/bin/cc       CMakeFiles/cmTC_5ed49.dir/CheckSymbolExists.c.o  -o cmTC_5ed49 -rdynamic 
CMakeFiles/cmTC_5ed49.dir/CheckSymbolExists.c.o: In Funktion `main':
CheckSymbolExists.c:(.text+0xa): Nicht definierter Verweis auf `pthread_create'
collect2: error: ld returned 1 exit status
CMakeFiles/cmTC_5ed49.dir/build.make:97: die Regel für Ziel „cmTC_5ed49“ scheiterte
make[1]: *** [cmTC_5ed49] Fehler 1
make[1]: Verzeichnis „/home/patrick/reflex_control/build/CMakeFiles/CMakeTmp“ wird verlassen
Makefile:126: die Regel für Ziel „cmTC_5ed49/fast“ scheiterte
make: *** [cmTC_5ed49/fast] Fehler 2

File /home/patrick/reflex_control/build/CMakeFiles/CMakeTmp/CheckSymbolExists.c:
/* */
#include <pthread.h>

int main(int argc, char** argv)
{
  (void)argv;
#ifndef pthread_create
  return ((int*)(&pthread_create))[argc];
#else
  (void)argc;
  return 0;
#endif
}

Determining if the function pthread_create exists in the pthreads failed with the following output:
Change Dir: /home/patrick/reflex_control/build/CMakeFiles/CMakeTmp

Run Build Command:"/usr/bin/make" "cmTC_608f7/fast"
/usr/bin/make -f CMakeFiles/cmTC_608f7.dir/build.make CMakeFiles/cmTC_608f7.dir/build
make[1]: Verzeichnis „/home/patrick/reflex_control/build/CMakeFiles/CMakeTmp“ wird betreten
Building C object CMakeFiles/cmTC_608f7.dir/CheckFunctionExists.c.o
/usr/bin/cc    -DCHECK_FUNCTION_EXISTS=pthread_create   -o CMakeFiles/cmTC_608f7.dir/CheckFunctionExists.c.o   -c /usr/share/cmake-3.5/Modules/CheckFunctionExists.c
Linking C executable cmTC_608f7
/usr/bin/cmake -E cmake_link_script CMakeFiles/cmTC_608f7.dir/link.txt --verbose=1
/usr/bin/cc   -DCHECK_FUNCTION_EXISTS=pthread_create    CMakeFiles/cmTC_608f7.dir/CheckFunctionExists.c.o  -o cmTC_608f7 -rdynamic -lpthreads 
/usr/bin/ld: cannot find -lpthreads
collect2: error: ld returned 1 exit status
CMakeFiles/cmTC_608f7.dir/build.make:97: die Regel für Ziel „cmTC_608f7“ scheiterte
make[1]: *** [cmTC_608f7] Fehler 1
make[1]: Verzeichnis „/home/patrick/reflex_control/build/CMakeFiles/CMakeTmp“ wird verlassen
Makefile:126: die Regel für Ziel „cmTC_608f7/fast“ scheiterte
make: *** [cmTC_608f7/fast] Fehler 2


